# JRE version: Java(TM) SE Runtime Environment (17.0.7+8) (build 17.0.7+8-LTS-224)
# Java VM: Java HotSpot(TM) 64-Bit Server VM (17.0.7+8-LTS-224, mixed mode, sharing, tiered, compressed oops, compressed class ptrs, g1 gc, windows-amd64)
GC Precious Log:
 CPUs: 8 total, 8 available
 Memory: 8156M
 Large Page Support: Disabled
 NUMA Support: Disabled
 Compressed Oops: Enabled (32-bit)
 Heap Region Size: 1M
 Heap Min Capacity: 8M
 Heap Initial Capacity: 128M
 Heap Max Capacity: 1G
 Pre-touch: Disabled
 Parallel Workers: 8
 Concurrent Workers: 2
 Concurrent Refinement Workers: 8
 Periodic GC: Disabled
Heap:
 garbage-first heap   total 548864K, used 150814K [0x00000000c0000000, 0x0000000100000000)
  region size 1024K, 13 young (13312K), 3 survivors (3072K)
 Metaspace       used 3158K, committed 3328K, reserved 1056768K
  class space    used 286K, committed 384K, reserved 1048576K
GC Heap History (20 events):
Event: 2.124 GC heap before
{Heap before GC invocations=17 (full 3):
 garbage-first heap   total 66560K, used 45162K [0x00000000c0000000, 0x0000000100000000)
  region size 1024K, 9 young (9216K), 2 survivors (2048K)
 Metaspace       used 3158K, committed 3328K, reserved 1056768K
  class space    used 286K, committed 384K, reserved 1048576K
}
Event: 2.134 GC heap after
{Heap after GC invocations=18 (full 3):
 garbage-first heap   total 66560K, used 42364K [0x00000000c0000000, 0x0000000100000000)
  region size 1024K, 2 young (2048K), 2 survivors (2048K)
 Metaspace       used 3158K, committed 3328K, reserved 1056768K
  class space    used 286K, committed 384K, reserved 1048576K
}
Event: 2.152 GC heap before
{Heap before GC invocations=18 (full 3):
 garbage-first heap   total 66560K, used 48508K [0x00000000c0000000, 0x0000000100000000)
  region size 1024K, 8 young (8192K), 2 survivors (2048K)
 Metaspace       used 3158K, committed 3328K, reserved 1056768K
  class space    used 286K, committed 384K, reserved 1048576K
}
Event: 2.167 GC heap after
{Heap after GC invocations=19 (full 3):
 garbage-first heap   total 188416K, used 46460K [0x00000000c0000000, 0x0000000100000000)
  region size 1024K, 1 young (1024K), 1 survivors (1024K)
 Metaspace       used 3158K, committed 3328K, reserved 1056768K
  class space    used 286K, committed 384K, reserved 1048576K
}
Event: 2.194 GC heap before
{Heap before GC invocations=19 (full 3):
 garbage-first heap   total 188416K, used 56700K [0x00000000c0000000, 0x0000000100000000)
  region size 1024K, 8 young (8192K), 1 survivors (1024K)
 Metaspace       used 3158K, committed 3328K, reserved 1056768K
  class space    used 286K, committed 384K, reserved 1048576K
}
Event: 2.239 GC heap after
{Heap after GC invocations=20 (full 4):
 garbage-first heap   total 181248K, used 51528K [0x00000000c0000000, 0x0000000100000000)
  region size 1024K, 0 young (0K), 0 survivors (0K)
 Metaspace       used 3158K, committed 3328K, reserved 1056768K
  class space    used 286K, committed 384K, reserved 1048576K
}
Event: 2.379 GC heap before
{Heap before GC invocations=20 (full 4):
 garbage-first heap   total 181248K, used 89416K [0x00000000c0000000, 0x0000000100000000)
  region size 1024K, 38 young (38912K), 0 survivors (0K)
 Metaspace       used 3158K, committed 3328K, reserved 1056768K
  class space    used 286K, committed 384K, reserved 1048576K
}
Event: 2.453 GC heap after
{Heap after GC invocations=21 (full 5):
 garbage-first heap   total 181248K, used 75660K [0x00000000c0000000, 0x0000000100000000)
  region size 1024K, 0 young (0K), 0 survivors (0K)
 Metaspace       used 3158K, committed 3328K, reserved 1056768K
  class space    used 286K, committed 384K, reserved 1048576K
}
Event: 2.519 GC heap before
{Heap before GC invocations=21 (full 5):
 garbage-first heap   total 181248K, used 96140K [0x00000000c0000000, 0x0000000100000000)
  region size 1024K, 20 young (20480K), 0 survivors (0K)
 Metaspace       used 3158K, committed 3328K, reserved 1056768K
  class space    used 286K, committed 384K, reserved 1048576K
}
Event: 2.535 GC heap after
{Heap after GC invocations=22 (full 5):
 garbage-first heap   total 181248K, used 89919K [0x00000000c0000000, 0x0000000100000000)
  region size 1024K, 4 young (4096K), 4 survivors (4096K)
 Metaspace       used 3158K, committed 3328K, reserved 1056768K
  class space    used 286K, committed 384K, reserved 1048576K
}
Event: 2.622 GC heap before
{Heap before GC invocations=22 (full 5):
 garbage-first heap   total 181248K, used 108351K [0x00000000c0000000, 0x0000000100000000)
  region size 1024K, 17 young (17408K), 4 survivors (4096K)
 Metaspace       used 3158K, committed 3328K, reserved 1056768K
  class space    used 286K, committed 384K, reserved 1048576K
}
Event: 2.735 GC heap after
{Heap after GC invocations=23 (full 6):
 garbage-first heap   total 181248K, used 99407K [0x00000000c0000000, 0x0000000100000000)
  region size 1024K, 0 young (0K), 0 survivors (0K)
 Metaspace       used 3158K, committed 3328K, reserved 1056768K
  class space    used 286K, committed 384K, reserved 1048576K
}
Event: 2.822 GC heap before
{Heap before GC invocations=23 (full 6):
 garbage-first heap   total 181248K, used 121935K [0x00000000c0000000, 0x0000000100000000)
  region size 1024K, 22 young (22528K), 0 survivors (0K)
 Metaspace       used 3158K, committed 3328K, reserved 1056768K
  class space    used 286K, committed 384K, reserved 1048576K
}
Event: 2.839 GC heap after
{Heap after GC invocations=24 (full 6):
 garbage-first heap   total 181248K, used 114127K [0x00000000c0000000, 0x0000000100000000)
  region size 1024K, 3 young (3072K), 3 survivors (3072K)
 Metaspace       used 3158K, committed 3328K, reserved 1056768K
  class space    used 286K, committed 384K, reserved 1048576K
}
Event: 2.922 GC heap before
{Heap before GC invocations=24 (full 6):
 garbage-first heap   total 181248K, used 132559K [0x00000000c0000000, 0x0000000100000000)
  region size 1024K, 21 young (21504K), 3 survivors (3072K)
 Metaspace       used 3158K, committed 3328K, reserved 1056768K
  class space    used 286K, committed 384K, reserved 1048576K
}
Event: 2.947 GC heap after
{Heap after GC invocations=25 (full 6):
 garbage-first heap   total 181248K, used 127055K [0x00000000c0000000, 0x0000000100000000)
  region size 1024K, 3 young (3072K), 3 survivors (3072K)
 Metaspace       used 3158K, committed 3328K, reserved 1056768K
  class space    used 286K, committed 384K, reserved 1048576K
}
Event: 2.952 GC heap before
{Heap before GC invocations=25 (full 6):
 garbage-first heap   total 181248K, used 128079K [0x00000000c0000000, 0x0000000100000000)
  region size 1024K, 5 young (5120K), 3 survivors (3072K)
 Metaspace       used 3158K, committed 3328K, reserved 1056768K
  class space    used 286K, committed 384K, reserved 1048576K
}
Event: 3.091 GC heap after
{Heap after GC invocations=26 (full 7):
 garbage-first heap   total 215040K, used 126344K [0x00000000c0000000, 0x0000000100000000)
  region size 1024K, 0 young (0K), 0 survivors (0K)
 Metaspace       used 3158K, committed 3328K, reserved 1056768K
  class space    used 286K, committed 384K, reserved 1048576K
}
Event: 3.279 GC heap before
{Heap before GC invocations=26 (full 7):
 garbage-first heap   total 215040K, used 149896K [0x00000000c0000000, 0x0000000100000000)
  region size 1024K, 23 young (23552K), 0 survivors (0K)
 Metaspace       used 3158K, committed 3328K, reserved 1056768K
  class space    used 286K, committed 384K, reserved 1048576K
}
Event: 3.300 GC heap after
{Heap after GC invocations=27 (full 7):
 garbage-first heap   total 548864K, used 141598K [0x00000000c0000000, 0x0000000100000000)
  region size 1024K, 3 young (3072K), 3 survivors (3072K)
 Metaspace       used 3158K, committed 3328K, reserved 1056768K
  class space    used 286K, committed 384K, reserved 1048576K
}

